Tue Sep 17 2019 16:48:21 GMT-0700 (Pacific Daylight Time): GET /
Tue Sep 17 2019 16:48:27 GMT-0700 (Pacific Daylight Time): POST /login
Tue Sep 17 2019 16:48:27 GMT-0700 (Pacific Daylight Time): GET /trading-success
Tue Sep 17 2019 16:50:27 GMT-0700 (Pacific Daylight Time): GET /trading-success
Tue Sep 17 2019 16:51:41 GMT-0700 (Pacific Daylight Time): GET /
Tue Sep 17 2019 16:51:42 GMT-0700 (Pacific Daylight Time): GET /
Tue Sep 17 2019 16:52:21 GMT-0700 (Pacific Daylight Time): GET /
Tue Sep 17 2019 16:52:27 GMT-0700 (Pacific Daylight Time): POST /login
Tue Sep 17 2019 16:52:27 GMT-0700 (Pacific Daylight Time): GET /trading-success
Tue Sep 17 2019 16:52:32 GMT-0700 (Pacific Daylight Time): GET /news/currency/CAD
Tue Sep 17 2019 16:52:40 GMT-0700 (Pacific Daylight Time): POST /news/currency/CAD
Tue Sep 17 2019 16:52:41 GMT-0700 (Pacific Daylight Time): POST /news/currency/CAD
Tue Sep 17 2019 16:52:43 GMT-0700 (Pacific Daylight Time): GET /trading-success
Tue Sep 17 2019 16:53:55 GMT-0700 (Pacific Daylight Time): GET /trading-portfolio
Tue Sep 17 2019 16:53:55 GMT-0700 (Pacific Daylight Time): GET /
Tue Sep 17 2019 16:54:01 GMT-0700 (Pacific Daylight Time): POST /login
Tue Sep 17 2019 16:54:01 GMT-0700 (Pacific Daylight Time): GET /trading-success
Tue Sep 17 2019 16:54:02 GMT-0700 (Pacific Daylight Time): GET /trading-portfolio
Tue Sep 17 2019 16:54:11 GMT-0700 (Pacific Daylight Time): GET /news-hub
Tue Sep 17 2019 16:54:28 GMT-0700 (Pacific Daylight Time): GET /trading-portfolio
Tue Sep 17 2019 16:54:45 GMT-0700 (Pacific Daylight Time): GET /admin-success
Tue Sep 17 2019 16:54:51 GMT-0700 (Pacific Daylight Time): GET /news-hub
Tue Sep 17 2019 16:54:52 GMT-0700 (Pacific Daylight Time): GET /trading-portfolio
Tue Sep 17 2019 16:54:55 GMT-0700 (Pacific Daylight Time): GET /trading-success
Tue Sep 17 2019 16:54:59 GMT-0700 (Pacific Daylight Time): POST /trading-success-buy
Tue Sep 17 2019 16:55:50 GMT-0700 (Pacific Daylight Time): POST /trading-success-stocks
Tue Sep 17 2019 16:56:02 GMT-0700 (Pacific Daylight Time): POST /trading-success-stocks
Tue Sep 17 2019 16:56:05 GMT-0700 (Pacific Daylight Time): POST /trading-success-buy
Tue Sep 17 2019 16:57:30 GMT-0700 (Pacific Daylight Time): POST /trading-success-buy
Tue Sep 17 2019 16:57:30 GMT-0700 (Pacific Daylight Time): GET /
Tue Sep 17 2019 16:57:36 GMT-0700 (Pacific Daylight Time): POST /login
Tue Sep 17 2019 16:57:37 GMT-0700 (Pacific Daylight Time): GET /trading-success
Tue Sep 17 2019 16:57:38 GMT-0700 (Pacific Daylight Time): POST /trading-success-stocks
Tue Sep 17 2019 16:57:41 GMT-0700 (Pacific Daylight Time): GET /news/stock/NFLX
Tue Sep 17 2019 16:58:37 GMT-0700 (Pacific Daylight Time): GET /news/stock/NFLX
Tue Sep 17 2019 16:58:37 GMT-0700 (Pacific Daylight Time): GET /
Tue Sep 17 2019 16:58:59 GMT-0700 (Pacific Daylight Time): GET /
Tue Sep 17 2019 16:59:05 GMT-0700 (Pacific Daylight Time): POST /login
Tue Sep 17 2019 16:59:05 GMT-0700 (Pacific Daylight Time): GET /trading-success
Tue Sep 17 2019 16:59:07 GMT-0700 (Pacific Daylight Time): GET /news-hub
Tue Sep 17 2019 16:59:08 GMT-0700 (Pacific Daylight Time): GET /images/icon1.png
Tue Sep 17 2019 16:59:11 GMT-0700 (Pacific Daylight Time): GET /news/stock/NFLX
Tue Sep 17 2019 16:59:17 GMT-0700 (Pacific Daylight Time): GET /news/stock/NFLX
Tue Sep 17 2019 16:59:18 GMT-0700 (Pacific Daylight Time): GET /news/stock/NFLX
Tue Sep 17 2019 16:59:19 GMT-0700 (Pacific Daylight Time): POST /news/stock/NFLX
Tue Sep 17 2019 16:59:20 GMT-0700 (Pacific Daylight Time): GET /trading-success
Tue Sep 17 2019 16:59:22 GMT-0700 (Pacific Daylight Time): POST /convert/currency
Tue Sep 17 2019 16:59:26 GMT-0700 (Pacific Daylight Time): GET /news/currency/CAD
Tue Sep 17 2019 16:59:32 GMT-0700 (Pacific Daylight Time): GET /trading-portfolio
Tue Sep 17 2019 16:59:36 GMT-0700 (Pacific Daylight Time): GET /trading-success
Tue Sep 17 2019 16:59:39 GMT-0700 (Pacific Daylight Time): POST /trading-success-stocks
Tue Sep 17 2019 16:59:40 GMT-0700 (Pacific Daylight Time): GET /news/stock/NFLX
Tue Sep 17 2019 17:00:28 GMT-0700 (Pacific Daylight Time): GET /news/stock/NFLX
Tue Sep 17 2019 17:00:28 GMT-0700 (Pacific Daylight Time): GET /
Tue Sep 17 2019 17:00:38 GMT-0700 (Pacific Daylight Time): POST /login
Tue Sep 17 2019 17:00:38 GMT-0700 (Pacific Daylight Time): GET /trading-success
Tue Sep 17 2019 17:00:43 GMT-0700 (Pacific Daylight Time): POST /trading-success-stocks
Tue Sep 17 2019 17:00:46 GMT-0700 (Pacific Daylight Time): GET /news/stock/NFLX
Tue Sep 17 2019 17:00:49 GMT-0700 (Pacific Daylight Time): POST /news/stock/NFLX
Tue Sep 17 2019 17:00:52 GMT-0700 (Pacific Daylight Time): POST /news/stock/NFLX
Tue Sep 17 2019 17:00:54 GMT-0700 (Pacific Daylight Time): GET /news-hub
Tue Sep 17 2019 17:00:54 GMT-0700 (Pacific Daylight Time): GET /images/icon1.png
Tue Sep 17 2019 17:00:56 GMT-0700 (Pacific Daylight Time): GET /admin-success
Tue Sep 17 2019 17:00:59 GMT-0700 (Pacific Daylight Time): GET /trading-success
Tue Sep 17 2019 17:02:10 GMT-0700 (Pacific Daylight Time): GET /admin-success
Tue Sep 17 2019 17:02:12 GMT-0700 (Pacific Daylight Time): GET /logout
Tue Sep 17 2019 17:02:12 GMT-0700 (Pacific Daylight Time): GET /
Tue Sep 17 2019 17:02:13 GMT-0700 (Pacific Daylight Time): GET /home
Tue Sep 17 2019 17:02:16 GMT-0700 (Pacific Daylight Time): GET /about
Tue Sep 17 2019 17:02:19 GMT-0700 (Pacific Daylight Time): GET /register
Tue Sep 17 2019 17:02:19 GMT-0700 (Pacific Daylight Time): GET /bundle_1.js
Tue Sep 17 2019 17:02:19 GMT-0700 (Pacific Daylight Time): GET /bundle_1.js
Tue Sep 17 2019 17:02:20 GMT-0700 (Pacific Daylight Time): GET /register
Tue Sep 17 2019 17:02:20 GMT-0700 (Pacific Daylight Time): GET /bundle_1.js
Tue Sep 17 2019 17:02:20 GMT-0700 (Pacific Daylight Time): GET /login
Tue Sep 17 2019 17:02:27 GMT-0700 (Pacific Daylight Time): POST /login
Tue Sep 17 2019 17:02:28 GMT-0700 (Pacific Daylight Time): GET /trading-success
Tue Sep 17 2019 17:04:58 GMT-0700 (Pacific Daylight Time): GET /trading-success
Tue Sep 17 2019 17:04:58 GMT-0700 (Pacific Daylight Time): GET /
Tue Sep 17 2019 17:05:03 GMT-0700 (Pacific Daylight Time): POST /login
Tue Sep 17 2019 17:05:03 GMT-0700 (Pacific Daylight Time): GET /trading-success
Tue Sep 17 2019 17:05:08 GMT-0700 (Pacific Daylight Time): POST /trading-success-stocks
Tue Sep 17 2019 17:05:12 GMT-0700 (Pacific Daylight Time): GET /news/stock/NFLX
Tue Sep 17 2019 17:05:14 GMT-0700 (Pacific Daylight Time): GET /trading-portfolio
Tue Sep 17 2019 17:05:22 GMT-0700 (Pacific Daylight Time): GET /logout
Tue Sep 17 2019 17:05:22 GMT-0700 (Pacific Daylight Time): GET /
